<?xml version="1.0" encoding="UTF-8"?>
<!-- Generated by org.testng.reporters.JUnitReportReporter -->
<testsuite hostname="divakar-singh" failures="0" tests="1" name="gtmetrix.gtmetrix" time="31.943" errors="0" timestamp="2021-04-10T07:48:01 IST" skipped="0">
  <testcase classname="gtmetrix.gtmetrix" name="run" time="31.943"/>
  <system-out/>
</testsuite> <!-- gtmetrix.gtmetrix -->
